============================================================
  Generated by:           Genus(TM) Synthesis Solution 23.12-s086_1
  Generated on:           Apr 23 2026  08:38:47 pm
  Module:                 osr_top
  Operating conditions:   tt0p668v25c (balanced_tree)
  Wireload mode:          enclosed
  Area mode:              timing library
============================================================

                                                 
            Gate             Instances    Area                       Library                     
-------------------------------------------------------------------------------------------------
AN2D1BWP6TSA24P96CPD                 1     0.147    tcbn12ffcplusbwp6tsa24p96cpd_tt0p668v25c     
AN2D1BWP6TSA24P96CPDLVT            284    41.878    tcbn12ffcplusbwp6tsa24p96cpdlvt_tt0p668v25c  
AN2D2BWP6TSA24P96CPDLVT              1     0.184    tcbn12ffcplusbwp6tsa24p96cpdlvt_tt0p668v25c  
AN2D8BWP6TSA24P96CPDLVT              1     0.590    tcbn12ffcplusbwp6tsa24p96cpdlvt_tt0p668v25c  
AN3D1BWP6TSA24P96CPDLVT             54    11.944    tcbn12ffcplusbwp6tsa24p96cpdlvt_tt0p668v25c  
AO21D1BWP6TSA24P96CPDLVT            44     9.732    tcbn12ffcplusbwp6tsa24p96cpdlvt_tt0p668v25c  
AO22D2BWP6TSA24P96CPDLVT            17     5.014    tcbn12ffcplusbwp6tsa24p96cpdlvt_tt0p668v25c  
AOAI211D1BWP6TSA24P96CPDLVT         20     4.424    tcbn12ffcplusbwp6tsa24p96cpdlvt_tt0p668v25c  
AOI211D1BWP6TSA24P96CPDLVT          27     4.977    tcbn12ffcplusbwp6tsa24p96cpdlvt_tt0p668v25c  
AOI21D1BWP6TSA24P96CPDLVT           29     5.345    tcbn12ffcplusbwp6tsa24p96cpdlvt_tt0p668v25c  
AOI22D1BWP6TSA24P96CPDLVT         1138   209.756    tcbn12ffcplusbwp6tsa24p96cpdlvt_tt0p668v25c  
AOI31D1BWP6TSA24P96CPDLVT            8     1.475    tcbn12ffcplusbwp6tsa24p96cpdlvt_tt0p668v25c  
AOI32D1BWP6TSA24P96CPDLVT           13     3.355    tcbn12ffcplusbwp6tsa24p96cpdlvt_tt0p668v25c  
CKAN2D2BWP6TSA24P96CPDLVT            1     0.258    tcbn12ffcplusbwp6tsa24p96cpdlvt_tt0p668v25c  
CKND1BWP6TSA24P96CPD               157    11.575    tcbn12ffcplusbwp6tsa24p96cpd_tt0p668v25c     
CKND1BWP6TSA24P96CPDLVT            676    49.840    tcbn12ffcplusbwp6tsa24p96cpdlvt_tt0p668v25c  
CKND2D1BWP6TSA24P96CPDLVT           45     8.294    tcbn12ffcplusbwp6tsa24p96cpdlvt_tt0p668v25c  
CKND4BWP6TSA24P96CPDLVT              1     0.221    tcbn12ffcplusbwp6tsa24p96cpdlvt_tt0p668v25c  
DFCNQD1BWP6TSA24P96CPDLVT          125    96.768    tcbn12ffcplusbwp6tsa24p96cpdlvt_tt0p668v25c  
DFCNQD2BWP6TSA24P96CPDLVT            1     0.811    tcbn12ffcplusbwp6tsa24p96cpdlvt_tt0p668v25c  
DFCNQD4BWP6TSA24P96CPDLVT            1     0.958    tcbn12ffcplusbwp6tsa24p96cpdlvt_tt0p668v25c  
DFNCNQD1BWP6TSA24P96CPDLVT          13    11.022    tcbn12ffcplusbwp6tsa24p96cpdlvt_tt0p668v25c  
FA1D1BWP6TSA24P96CPDLVT           1380   966.574    tcbn12ffcplusbwp6tsa24p96cpdlvt_tt0p668v25c  
HA1D1BWP6TSA24P96CPDEHVT             1     0.590    tcbn12ffcplusbwp6tsa24p96cpdehvt_tt0p668v25c 
MUX2D1BWP6TSA24P96CPDLVT             4     1.327    tcbn12ffcplusbwp6tsa24p96cpdlvt_tt0p668v25c  
ND2D2BWP6TSA24P96CPDLVT            212    39.076    tcbn12ffcplusbwp6tsa24p96cpdlvt_tt0p668v25c  
ND3D2BWP6TSA24P96CPDLVT             15     3.871    tcbn12ffcplusbwp6tsa24p96cpdlvt_tt0p668v25c  
NR2D2BWP6TSA24P96CPDLVT             35     6.451    tcbn12ffcplusbwp6tsa24p96cpdlvt_tt0p668v25c  
NR3D2BWP6TSA24P96CPDLVT              1     0.258    tcbn12ffcplusbwp6tsa24p96cpdlvt_tt0p668v25c  
OAI211D1BWP6TSA24P96CPDLVT          64    11.796    tcbn12ffcplusbwp6tsa24p96cpdlvt_tt0p668v25c  
OAI21D1BWP6TSA24P96CPDLVT          146    26.911    tcbn12ffcplusbwp6tsa24p96cpdlvt_tt0p668v25c  
OAI221D1BWP6TSA24P96CPDLVT           8     2.359    tcbn12ffcplusbwp6tsa24p96cpdlvt_tt0p668v25c  
OAI22D1BWP6TSA24P96CPDLVT          510    94.003    tcbn12ffcplusbwp6tsa24p96cpdlvt_tt0p668v25c  
OAI31D1BWP6TSA24P96CPDLVT            7     1.290    tcbn12ffcplusbwp6tsa24p96cpdlvt_tt0p668v25c  
OAI32D1BWP6TSA24P96CPDLVT            6     1.548    tcbn12ffcplusbwp6tsa24p96cpdlvt_tt0p668v25c  
OAOI211D1BWP6TSA24P96CPDLVT         10     2.212    tcbn12ffcplusbwp6tsa24p96cpdlvt_tt0p668v25c  
OR2D1BWP6TSA24P96CPDLVT            149    21.971    tcbn12ffcplusbwp6tsa24p96cpdlvt_tt0p668v25c  
OR2D8BWP6TSA24P96CPDLVT              2     1.180    tcbn12ffcplusbwp6tsa24p96cpdlvt_tt0p668v25c  
OR3D1BWP6TSA24P96CPDLVT             15     3.318    tcbn12ffcplusbwp6tsa24p96cpdlvt_tt0p668v25c  
OR3D2BWP6TSA24P96CPDLVT              1     0.258    tcbn12ffcplusbwp6tsa24p96cpdlvt_tt0p668v25c  
OR3D8BWP6TSA24P96CPDLVT              2     1.401    tcbn12ffcplusbwp6tsa24p96cpdlvt_tt0p668v25c  
SDFCNQD1BWP6TSA24P96CPDLVT        2144  2133.983    tcbn12ffcplusbwp6tsa24p96cpdlvt_tt0p668v25c  
XNR2D1BWP6TSA24P96CPDLVT            19     6.304    tcbn12ffcplusbwp6tsa24p96cpdlvt_tt0p668v25c  
XNR3D1BWP6TSA24P96CPDLVT             7     4.645    tcbn12ffcplusbwp6tsa24p96cpdlvt_tt0p668v25c  
XOR2D1BWP6TSA24P96CPDLVT            43    14.266    tcbn12ffcplusbwp6tsa24p96cpdlvt_tt0p668v25c  
XOR3D1BWP6TSA24P96CPDLVT             7     4.645    tcbn12ffcplusbwp6tsa24p96cpdlvt_tt0p668v25c  
-------------------------------------------------------------------------------------------------
total                             7445  3828.806                                                 


                   Library                   Instances   Area   Instances % 
----------------------------------------------------------------------------
tcbn12ffcplusbwp6tsa24p96cpd_tt0p668v25c           158   11.723         2.1 
tcbn12ffcplusbwp6tsa24p96cpdehvt_tt0p668v25c         1    0.590         0.0 
tcbn12ffcplusbwp6tsa24p96cpdlvt_tt0p668v25c       7286 3816.493        97.9 

                                         
     Type      Instances   Area   Area % 
-----------------------------------------
sequential          2284 2243.543   58.6 
inverter             834   61.637    1.6 
logic               4327 1523.626   39.8 
physical_cells         0    0.000    0.0 
-----------------------------------------
total               7445 3828.806  100.0 

