============================================================
  Generated by:           Genus(TM) Synthesis Solution 23.12-s086_1
  Generated on:           Apr 24 2026  06:15:49 pm
  Module:                 osr_top
  Operating conditions:   tt0p668v25c (balanced_tree)
  Wireload mode:          enclosed
  Area mode:              timing library
============================================================


Path 1: MET (97538 ps) Setup Check with Pin u_adc_capture/neg_cap_reg[6]/CPN->D
          Group: clk
     Startpoint: (F) adc_data[6]
          Clock: (R) clk
       Endpoint: (F) u_adc_capture/neg_cap_reg[6]/D
          Clock: (F) clk

                     Capture       Launch     
        Clock Edge:+  162760            0     
        Drv Adjust:+       0            0     
       Src Latency:+       0            0     
       Net Latency:+       0 (I)        0 (I) 
           Arrival:=  162760            0     
                                              
             Setup:-      18                  
       Uncertainty:-     100                  
     Required Time:=  162642                  
      Launch Clock:-       0                  
       Input Delay:-   65104                  
         Data Path:-       0                  
             Slack:=   97538                  

Exceptions/Constraints:
  input_delay            65104            in_del_7_1 

#------------------------------------------------------------------------------------------------------------------------
#         Timing Point           Flags   Arc   Edge            Cell             Fanout Load Trans Delay Arrival Instance 
#                                                                                      (fF)  (ps)  (ps)   (ps)  Location 
#------------------------------------------------------------------------------------------------------------------------
  adc_data[6]                    -       -     F     (arrival)                       1  0.5     0     0   65104    (-,-) 
  u_adc_capture/neg_cap_reg[6]/D <<<     -     F     DFNCNQD1BWP6TSA24P96CPDLVT      1    -     -     0   65104    (-,-) 
#------------------------------------------------------------------------------------------------------------------------

