Sender: LSF System <lsfadmin@eng29.ipa.ambiqmicro.local>
Subject: Job 950710: <xrun -sv -64bit -access +rwc rtl/adc_capture.v rtl/cic_filter.v rtl/hb1_fir.v rtl/hb19_mux.v rtl/lpf_fir.v rtl/dga.v rtl/hpf.v rtl/osr_top.v tb/osr_tb.sv -top osr_tb> in cluster <ambiq-cluster1> Done

Job <xrun -sv -64bit -access +rwc rtl/adc_capture.v rtl/cic_filter.v rtl/hb1_fir.v rtl/hb19_mux.v rtl/lpf_fir.v rtl/dga.v rtl/hpf.v rtl/osr_top.v tb/osr_tb.sv -top osr_tb> was submitted from host <vnc5> by user <bchase> in cluster <ambiq-cluster1>.
Job was executed on host(s) <eng29.ipa.ambiqmicro.local>, in queue <carrera_xcelium>, as user <bchase> in cluster <ambiq-cluster1>.
</home/bchase> was used as the home directory.
</project_carrera/carrera/work/bchase/lpadcca> was used as the working directory.
Started at Fri Apr 10 19:41:43 2026
Results reported on Fri Apr 10 19:43:05 2026

Your job looked like:

------------------------------------------------------------
# LSBATCH: User input
xrun -sv -64bit -access +rwc rtl/adc_capture.v rtl/cic_filter.v rtl/hb1_fir.v rtl/hb19_mux.v rtl/lpf_fir.v rtl/dga.v rtl/hpf.v rtl/osr_top.v tb/osr_tb.sv -top osr_tb
------------------------------------------------------------

Successfully completed.

Resource usage summary:

    CPU time :               35.37 sec.
    Max Memory :             49 MB
    Average Memory :         46.40 MB
    Total Requested Memory : -
    Delta Memory :           -
    (Delta: the difference between Total Requested Memory and Max Memory.)
    Max Swap :               192 MB
    Max Processes :          4
    Max Threads :            5

The output (if any) follows:

TOOL:	xrun(64)	25.03-s002: Started on Apr 10, 2026 at 19:41:43 CDT
xrun(64): 25.03-s002: (c) Copyright 1995-2025 Cadence Design Systems, Inc.
Recompiling... reason: file './rtl/adc_capture.v' is newer than expected.
	expected: Wed Apr  8 15:39:17 2026
	actual:   Fri Apr 10 19:41:44 2026
file: rtl/lpf_fir.v
	module worklib.lpf_fir:v
		errors: 0, warnings: 0
file: tb/osr_tb.sv
	module worklib.osr_tb:sv
		errors: 0, warnings: 0
	Elaborating the design hierarchy:
		Caching library 'worklib' ....... Done
	Top level design units:
		osr_tb
	Building instance overlay tables: .................... Done
	Generating native compiled code:
		worklib.lpf_fir:v <0x58a9c36e>
			streams:  13, words: 24170
		worklib.osr_tb:sv <0x279365f3>
			streams:  26, words: 103651
	Building instance specific data structures.
	Loading native compiled code:     .................... Done
	Design hierarchy summary:
		                 Instances  Unique
		Modules:                 9       9
		Registers:             170     170
		Scalar wires:           10       -
		Vectored wires:         46       -
		Always blocks:          15      15
		Initial blocks:          2       2
		Cont. assignments:      32      33
		Pseudo assignments:      9       -
		Process Clocks:          8       2
		Simulation timescale:  1ps
	Writing initial simulation snapshot: worklib.osr_tb:sv
Loading snapshot worklib.osr_tb:sv .................... Done
xcelium> source /tools/cadence/installs/XCELIUM25.03/tools/xcelium/files/xmsimrc
xcelium> run
=== THD+N Tests: 1kHz @ -3dBFS ===
  THD+N swb: 1kHz @ -3dBFS ...
    captured=4096  overflows=0
  [PASS] THD+N swb: 4096 samples, 0 overflows
  THD+N wb: 1kHz @ -3dBFS ...
    captured=4096  overflows=0
  [PASS] THD+N wb: 4096 samples, 0 overflows
  THD+N nb: 1kHz @ -3dBFS ...
    captured=4096  overflows=0
  [PASS] THD+N nb: 4096 samples, 0 overflows
=== Frequency Response Sweeps @ -3dBFS ===
  NB sweep...
    nb 100 Hz: amp=14000  ovf=0
    nb 150 Hz: amp=13007  ovf=0
    nb 200 Hz: amp=11485  ovf=0
    nb 300 Hz: amp=10681  ovf=0
    nb 500 Hz: amp=8917  ovf=0
    nb 1000 Hz: amp=9159  ovf=0
    nb 1400 Hz: amp=9059  ovf=0
    nb 2000 Hz: amp=7356  ovf=0
    nb 2800 Hz: amp=8468  ovf=0
    nb 3000 Hz: amp=8488  ovf=0
    nb 3200 Hz: amp=6679  ovf=0
    nb 3400 Hz: amp=4632  ovf=0
  WB sweep...
    wb 100 Hz: amp=13395  ovf=0
    wb 150 Hz: amp=12321  ovf=0
    wb 200 Hz: amp=11286  ovf=0
    wb 300 Hz: amp=10530  ovf=0
    wb 500 Hz: amp=9513  ovf=0
    wb 1000 Hz: amp=8526  ovf=0
    wb 2000 Hz: amp=8149  ovf=0
    wb 3000 Hz: amp=8970  ovf=0
    wb 4000 Hz: amp=7534  ovf=0
    wb 5000 Hz: amp=7892  ovf=0
    wb 6000 Hz: amp=8137  ovf=0
    wb 6400 Hz: amp=7374  ovf=0
    wb 6700 Hz: amp=6410  ovf=0
  SWB sweep...
    swb 100 Hz: amp=13516  ovf=0
    swb 150 Hz: amp=12380  ovf=0
    swb 200 Hz: amp=11419  ovf=0
    swb 300 Hz: amp=10554  ovf=0
    swb 500 Hz: amp=9586  ovf=0
    swb 1000 Hz: amp=7945  ovf=0
    swb 2000 Hz: amp=7851  ovf=0
    swb 4000 Hz: amp=8099  ovf=0
    swb 6000 Hz: amp=8148  ovf=0
    swb 8000 Hz: amp=7669  ovf=0
    swb 10000 Hz: amp=8003  ovf=0
    swb 11000 Hz: amp=8599  ovf=0
    swb 12000 Hz: amp=7570  ovf=0
    swb 14000 Hz: amp=6923  ovf=0
=== ITU-T P.50 Distortion (SDR via Goertzel) ===
  NB P.50...
    Freq sweep @ -16 dBm0:
      315 Hz: SDR=58.4 dB  ovf=0  PASS
      408 Hz: SDR=99.0 dB  ovf=0  PASS
      510 Hz: SDR=58.8 dB  ovf=0  PASS
      816 Hz: SDR=30.0 dB  ovf=0  PASS
      1020 Hz: SDR=60.2 dB  ovf=0  PASS
    Level sweep @ 1020 Hz:
      -6 dBm0: SDR=70.1 dB  ovf=0  PASS
      -10 dBm0: SDR=66.0 dB  ovf=0  PASS
      -16 dBm0: SDR=60.2 dB  ovf=0  PASS
      -20 dBm0: SDR=57.0 dB  ovf=0  PASS
      -25 dBm0: SDR=51.6 dB  ovf=0  PASS
      -31 dBm0: SDR=46.3 dB  ovf=0  PASS
  [PASS] P.50 nb
  WB P.50...
    Freq sweep @ -16 dBm0:
      200 Hz: SDR=57.5 dB  ovf=0  PASS
      315 Hz: SDR=56.3 dB  ovf=0  PASS
      408 Hz: SDR=99.0 dB  ovf=0  PASS
      510 Hz: SDR=57.5 dB  ovf=0  PASS
      816 Hz: SDR=99.0 dB  ovf=0  PASS
      1020 Hz: SDR=56.8 dB  ovf=0  PASS
      1600 Hz: SDR=61.2 dB  ovf=0  PASS
      2000 Hz: SDR=55.5 dB  ovf=0  PASS
    Level sweep @ 1020 Hz:
      -6 dBm0: SDR=67.5 dB  ovf=0  PASS
      -10 dBm0: SDR=63.8 dB  ovf=0  PASS
      -16 dBm0: SDR=56.8 dB  ovf=0  PASS
      -20 dBm0: SDR=53.0 dB  ovf=0  PASS
      -25 dBm0: SDR=48.5 dB  ovf=0  PASS
      -31 dBm0: SDR=42.1 dB  ovf=0  PASS
  [PASS] P.50 wb
  SWB P.50...
    Freq sweep @ -16 dBm0:
      200 Hz: SDR=56.5 dB  ovf=0  PASS
      500 Hz: SDR=56.7 dB  ovf=0  PASS
      1020 Hz: SDR=56.7 dB  ovf=0  PASS
      2000 Hz: SDR=59.6 dB  ovf=0  PASS
      4000 Hz: SDR=49.0 dB  ovf=0  PASS
      6000 Hz: SDR=52.2 dB  ovf=0  PASS
      7000 Hz: SDR=57.7 dB  ovf=0  PASS
      8000 Hz: SDR=39.0 dB  ovf=0  PASS
    Level sweep @ 1020 Hz:
      -6 dBm0: SDR=66.3 dB  ovf=0  PASS
      -10 dBm0: SDR=62.2 dB  ovf=0  PASS
      -16 dBm0: SDR=56.7 dB  ovf=0  PASS
      -20 dBm0: SDR=52.9 dB  ovf=0  PASS
      -25 dBm0: SDR=47.7 dB  ovf=0  PASS
      -31 dBm0: SDR=41.3 dB  ovf=0  PASS
  [PASS] P.50 swb
=== Square-wave Stress Test ===
    nb sqwave 100 Hz: out=512 ovf=0 PASS
    nb sqwave 1000 Hz: out=512 ovf=0 PASS
    nb sqwave 2000 Hz: out=512 ovf=0 PASS
  [PASS] Squarewave nb
    wb sqwave 100 Hz: out=512 ovf=0 PASS
    wb sqwave 1000 Hz: out=512 ovf=0 PASS
    wb sqwave 2000 Hz: out=512 ovf=0 PASS
  [PASS] Squarewave wb
    swb sqwave 100 Hz: out=512 ovf=0 PASS
    swb sqwave 1000 Hz: out=512 ovf=0 PASS
    swb sqwave 2000 Hz: out=512 ovf=0 PASS
  [PASS] Squarewave swb
=== Mode Switch Test ===
    nb->wb: rateA=520(exp520) rateB=1041(exp1041) ovf=0 PASS
    wb->swb: rateA=1041(exp1041) rateB=2083(exp2083) ovf=0 PASS
    swb->nb: rateA=2083(exp2083) rateB=520(exp520) ovf=0 PASS
  [PASS] Mode switch
=== Full-scale 0 dBFS Test ===
    nb 0dBFS: pk+=7157 pk-=-7157 out=1024 ovf=0 PASS
    wb 0dBFS: pk+=8548 pk-=-8547 out=1024 ovf=0 PASS
    swb 0dBFS: pk+=8120 pk-=-8120 out=1024 ovf=0 PASS

============================================
  SUMMARY: 16 PASS, 0 FAIL (of 16 tests)
  STATUS: ALL TESTS PASSED
  Overflows total: checked per-test
============================================
Simulation complete via $finish(1) at time 22924763089800 PS + 0
./tb/osr_tb.sv:645     $finish;
xcelium> exit
TOOL:	xrun(64)	25.03-s002: Exiting on Apr 10, 2026 at 19:43:05 CDT  (total: 00:01:22)
