============================================================
  Generated by:           Genus(TM) Synthesis Solution 23.12-s086_1
  Generated on:           Apr 23 2026  08:43:19 pm
  Module:                 osr_apb
  Operating conditions:   tt0p668v25c (balanced_tree)
  Wireload mode:          enclosed
  Area mode:              timing library
============================================================

     Instance        Module    Cell-Count  Cell-Area  Net-Area   Total-Area   Wireload  
----------------------------------------------------------------------------------------
osr_apb           NA                 8335   4280.426     0.000     4280.426 <none> (D)  
  u_fifo          osr_fifo            646    325.546     0.000      325.546 <none> (D)  
  u_osr_top       osr_top            7464   3832.418     0.000     3832.418 <none> (D)  
    u_adc_capture adc_capture          39     31.187     0.000       31.187 <none> (D)  
    u_cic         cic_filter          564    337.490     0.000      337.490 <none> (D)  
    u_dga         dga                 756    209.756     0.000      209.756 <none> (D)  
    u_hb1         hb1_fir             640    356.475     0.000      356.475 <none> (D)  
    u_hb19        hb19_mux           3093   1931.821     0.000     1931.821 <none> (D)  
    u_hpf         hpf                 507    199.766     0.000      199.766 <none> (D)  
    u_lpf         lpf_fir            1862    765.518     0.000      765.518 <none> (D)  
  (D) = wireload is default in technology library
