============================================================
  Generated by:           Genus(TM) Synthesis Solution 23.12-s086_1
  Generated on:           Apr 23 2026  08:43:19 pm
  Module:                 osr_apb
  Operating conditions:   tt0p668v25c (balanced_tree)
  Wireload mode:          enclosed
  Area mode:              timing library
============================================================


Path 1: MET (11656 ps) Late External Delay Assertion at pin PRDATA[1]
          Group: PCLK
     Startpoint: (R) PADDR[0]
          Clock: (R) PCLK
       Endpoint: (F) PRDATA[1]
          Clock: (R) PCLK

                     Capture       Launch     
        Clock Edge:+   20000            0     
        Drv Adjust:+       0            0     
       Src Latency:+       0            0     
       Net Latency:+       0 (I)        0 (I) 
           Arrival:=   20000            0     
                                              
      Output Delay:-    4000                  
       Uncertainty:-     100                  
     Required Time:=   15900                  
      Launch Clock:-       0                  
       Input Delay:-    4000                  
         Data Path:-     244                  
             Slack:=   11656                  

Exceptions/Constraints:
  input_delay              4000            in_del_11_1 
  output_delay             4000            ou_del_97_1 

#---------------------------------------------------------------------------------------------------------
# Timing Point   Flags    Arc   Edge            Cell             Fanout Load Trans Delay Arrival Instance 
#                                                                       (fF)  (ps)  (ps)   (ps)  Location 
#---------------------------------------------------------------------------------------------------------
  PADDR[0]       -       -      R     (arrival)                       1  0.4     0     0    4000    (-,-) 
  g2550/Z        -       A2->Z  R     OR2D1BWP6TSA24P96CPDLVT         3  1.2    12    16    4016    (-,-) 
  g2523/Z        -       A1->Z  R     OR2D1BWP6TSA24P96CPDLVT         2  0.8     9    18    4034    (-,-) 
  g2493/Z        -       A1->Z  R     OR2D1BWP6TSA24P96CPDLVT         4  2.2    20    23    4057    (-,-) 
  g2490/ZN       -       I->ZN  F     CKND1BWP6TSA24P96CPDLVT         2  0.8    10    14    4071    (-,-) 
  g2489/Z        -       A1->Z  F     AN2D1BWP6TSA24P96CPDLVT         2  0.8    10    17    4088    (-,-) 
  g2480/Z        -       A1->Z  F     AN2D1BWP6TSA24P96CPDLVT         2  0.8    10    17    4106    (-,-) 
  g2477/Z        -       A1->Z  F     AN2D1BWP6TSA24P96CPDLVT         5  2.0    20    24    4129    (-,-) 
  g2475/ZN       -       I->ZN  R     CKND1BWP6TSA24P96CPDLVT         1  0.4     8     9    4138    (-,-) 
  g2472/ZN       -       B->ZN  F     OAI31D1BWP6TSA24P96CPDLVT       4  1.6    34    25    4163    (-,-) 
  g2437/ZN       -       A1->ZN R     AOI22D1BWP6TSA24P96CPDLVT       1  0.4    16    18    4182    (-,-) 
  g2434/ZN       -       I->ZN  F     CKND1BWP6TSA24P96CPDLVT         1  0.4     7    10    4192    (-,-) 
  g2428/ZN       -       B->ZN  R     AOI21D1BWP6TSA24P96CPDLVT       1  0.4    14    12    4204    (-,-) 
  g2424/ZN       -       B->ZN  F     OAI211D1BWP6TSA24P96CPDLVT      1  0.4    22    20    4224    (-,-) 
  g2422/Z        -       A1->Z  F     OR2D1BWP6TSA24P96CPDLVT         1  0.0     5    20    4244    (-,-) 
  PRDATA[1]      <<<     -      F     (port)                          -    -     -     0    4244    (-,-) 
#---------------------------------------------------------------------------------------------------------

