============================================================
  Generated by:           Genus(TM) Synthesis Solution 23.12-s086_1
  Generated on:           Apr 24 2026  03:18:49 pm
  Module:                 osr_apb
  Operating conditions:   tt0p668v25c (balanced_tree)
  Wireload mode:          enclosed
  Area mode:              timing library
============================================================

                                                 
            Gate             Instances    Area                       Library                    
------------------------------------------------------------------------------------------------
AN2D1BWP6TSA24P96CPD                 1     0.147    tcbn12ffcplusbwp6tsa24p96cpd_tt0p668v25c    
AN2D1BWP6TSA24P96CPDLVT            325    47.923    tcbn12ffcplusbwp6tsa24p96cpdlvt_tt0p668v25c 
AN2D2BWP6TSA24P96CPDLVT              1     0.184    tcbn12ffcplusbwp6tsa24p96cpdlvt_tt0p668v25c 
AN2D8BWP6TSA24P96CPDLVT              1     0.590    tcbn12ffcplusbwp6tsa24p96cpdlvt_tt0p668v25c 
AN3D1BWP6TSA24P96CPDLVT             74    16.368    tcbn12ffcplusbwp6tsa24p96cpdlvt_tt0p668v25c 
AO21D1BWP6TSA24P96CPD                1     0.221    tcbn12ffcplusbwp6tsa24p96cpd_tt0p668v25c    
AO21D1BWP6TSA24P96CPDLVT            45     9.953    tcbn12ffcplusbwp6tsa24p96cpdlvt_tt0p668v25c 
AO22D2BWP6TSA24P96CPDLVT            17     5.014    tcbn12ffcplusbwp6tsa24p96cpdlvt_tt0p668v25c 
AOAI211D1BWP6TSA24P96CPDLVT         24     5.308    tcbn12ffcplusbwp6tsa24p96cpdlvt_tt0p668v25c 
AOI211D1BWP6TSA24P96CPDLVT          46     8.479    tcbn12ffcplusbwp6tsa24p96cpdlvt_tt0p668v25c 
AOI21D1BWP6TSA24P96CPDLVT           39     7.188    tcbn12ffcplusbwp6tsa24p96cpdlvt_tt0p668v25c 
AOI22D1BWP6TSA24P96CPDLVT         1279   235.745    tcbn12ffcplusbwp6tsa24p96cpdlvt_tt0p668v25c 
AOI31D1BWP6TSA24P96CPDLVT            9     1.659    tcbn12ffcplusbwp6tsa24p96cpdlvt_tt0p668v25c 
AOI32D1BWP6TSA24P96CPDLVT           16     4.129    tcbn12ffcplusbwp6tsa24p96cpdlvt_tt0p668v25c 
CKAN2D2BWP6TSA24P96CPDLVT            1     0.258    tcbn12ffcplusbwp6tsa24p96cpdlvt_tt0p668v25c 
CKND1BWP6TSA24P96CPD               163    12.018    tcbn12ffcplusbwp6tsa24p96cpd_tt0p668v25c    
CKND1BWP6TSA24P96CPDLVT            768    56.623    tcbn12ffcplusbwp6tsa24p96cpdlvt_tt0p668v25c 
CKND2D1BWP6TSA24P96CPDLVT           32     5.898    tcbn12ffcplusbwp6tsa24p96cpdlvt_tt0p668v25c 
CKND4BWP6TSA24P96CPDLVT              1     0.221    tcbn12ffcplusbwp6tsa24p96cpdlvt_tt0p668v25c 
CKNR2D1BWP6TSA24P96CPDLVT            2     0.369    tcbn12ffcplusbwp6tsa24p96cpdlvt_tt0p668v25c 
DFCNQD1BWP6TSA24P96CPDLVT          186   143.991    tcbn12ffcplusbwp6tsa24p96cpdlvt_tt0p668v25c 
DFCNQD2BWP6TSA24P96CPDLVT            1     0.811    tcbn12ffcplusbwp6tsa24p96cpdlvt_tt0p668v25c 
DFCNQD4BWP6TSA24P96CPDLVT            1     0.958    tcbn12ffcplusbwp6tsa24p96cpdlvt_tt0p668v25c 
DFNCNQD1BWP6TSA24P96CPDLVT          13    11.022    tcbn12ffcplusbwp6tsa24p96cpdlvt_tt0p668v25c 
FA1D1BWP6TSA24P96CPDLVT           1380   966.574    tcbn12ffcplusbwp6tsa24p96cpdlvt_tt0p668v25c 
MUX2D1BWP6TSA24P96CPDLVT             5     1.659    tcbn12ffcplusbwp6tsa24p96cpdlvt_tt0p668v25c 
ND2D2BWP6TSA24P96CPDLVT            237    43.684    tcbn12ffcplusbwp6tsa24p96cpdlvt_tt0p668v25c 
ND3D2BWP6TSA24P96CPDLVT             37     9.548    tcbn12ffcplusbwp6tsa24p96cpdlvt_tt0p668v25c 
NR2D2BWP6TSA24P96CPDLVT             46     8.479    tcbn12ffcplusbwp6tsa24p96cpdlvt_tt0p668v25c 
NR3D2BWP6TSA24P96CPDLVT              9     2.322    tcbn12ffcplusbwp6tsa24p96cpdlvt_tt0p668v25c 
OAI211D1BWP6TSA24P96CPDLVT          92    16.957    tcbn12ffcplusbwp6tsa24p96cpdlvt_tt0p668v25c 
OAI21D1BWP6TSA24P96CPDLVT          145    26.726    tcbn12ffcplusbwp6tsa24p96cpdlvt_tt0p668v25c 
OAI221D1BWP6TSA24P96CPDLVT           6     1.769    tcbn12ffcplusbwp6tsa24p96cpdlvt_tt0p668v25c 
OAI22D1BWP6TSA24P96CPDLVT          533    98.243    tcbn12ffcplusbwp6tsa24p96cpdlvt_tt0p668v25c 
OAI31D1BWP6TSA24P96CPDLVT            7     1.290    tcbn12ffcplusbwp6tsa24p96cpdlvt_tt0p668v25c 
OAI32D1BWP6TSA24P96CPDLVT            6     1.548    tcbn12ffcplusbwp6tsa24p96cpdlvt_tt0p668v25c 
OAOI211D1BWP6TSA24P96CPDLVT         23     5.087    tcbn12ffcplusbwp6tsa24p96cpdlvt_tt0p668v25c 
OR2D1BWP6TSA24P96CPDLVT            193    28.459    tcbn12ffcplusbwp6tsa24p96cpdlvt_tt0p668v25c 
OR2D8BWP6TSA24P96CPDLVT              2     1.180    tcbn12ffcplusbwp6tsa24p96cpdlvt_tt0p668v25c 
OR3D1BWP6TSA24P96CPDLVT             17     3.760    tcbn12ffcplusbwp6tsa24p96cpdlvt_tt0p668v25c 
OR3D2BWP6TSA24P96CPDLVT              1     0.258    tcbn12ffcplusbwp6tsa24p96cpdlvt_tt0p668v25c 
OR3D8BWP6TSA24P96CPDLVT              2     1.401    tcbn12ffcplusbwp6tsa24p96cpdlvt_tt0p668v25c 
SDFCNQD1BWP6TSA24P96CPDLVT        2465  2453.484    tcbn12ffcplusbwp6tsa24p96cpdlvt_tt0p668v25c 
SDFSNQD1BWP6TSA24P96CPDLVT           1     1.069    tcbn12ffcplusbwp6tsa24p96cpdlvt_tt0p668v25c 
XNR2D1BWP6TSA24P96CPDLVT            24     7.963    tcbn12ffcplusbwp6tsa24p96cpdlvt_tt0p668v25c 
XNR3D1BWP6TSA24P96CPDLVT             7     4.645    tcbn12ffcplusbwp6tsa24p96cpdlvt_tt0p668v25c 
XOR2D1BWP6TSA24P96CPDLVT            44    14.598    tcbn12ffcplusbwp6tsa24p96cpdlvt_tt0p668v25c 
XOR3D1BWP6TSA24P96CPDLVT             7     4.645    tcbn12ffcplusbwp6tsa24p96cpdlvt_tt0p668v25c 
------------------------------------------------------------------------------------------------
total                             8335  4280.426                                                


                  Library                   Instances   Area   Instances % 
---------------------------------------------------------------------------
tcbn12ffcplusbwp6tsa24p96cpd_tt0p668v25c          165   12.386         2.0 
tcbn12ffcplusbwp6tsa24p96cpdlvt_tt0p668v25c      8170 4268.040        98.0 

                                         
     Type      Instances   Area   Area % 
-----------------------------------------
sequential          2667 2611.335   61.0 
inverter             932   68.862    1.6 
logic               4736 1600.229   37.4 
physical_cells         0    0.000    0.0 
-----------------------------------------
total               8335 4280.426  100.0 

