============================================================
  Generated by:           Genus(TM) Synthesis Solution 23.12-s086_1
  Generated on:           Apr 24 2026  06:36:55 pm
  Module:                 osr_top
  Operating conditions:   tt0p668v25c (balanced_tree)
  Wireload mode:          enclosed
  Area mode:              timing library
============================================================

                                                 
            Gate             Instances    Area                       Library                     
-------------------------------------------------------------------------------------------------
AN2D1BWP6TSA24P96CPD                 1     0.147    tcbn12ffcplusbwp6tsa24p96cpd_tt0p668v25c     
AN2D1BWP6TSA24P96CPDLVT            321    47.333    tcbn12ffcplusbwp6tsa24p96cpdlvt_tt0p668v25c  
AN2D2BWP6TSA24P96CPDLVT              1     0.184    tcbn12ffcplusbwp6tsa24p96cpdlvt_tt0p668v25c  
AN3D1BWP6TSA24P96CPDLVT             46    10.174    tcbn12ffcplusbwp6tsa24p96cpdlvt_tt0p668v25c  
AO21D1BWP6TSA24P96CPDLVT            59    13.050    tcbn12ffcplusbwp6tsa24p96cpdlvt_tt0p668v25c  
AO22D2BWP6TSA24P96CPDLVT            18     5.308    tcbn12ffcplusbwp6tsa24p96cpdlvt_tt0p668v25c  
AOAI211D1BWP6TSA24P96CPDLVT         20     4.424    tcbn12ffcplusbwp6tsa24p96cpdlvt_tt0p668v25c  
AOI211D1BWP6TSA24P96CPDLVT          35     6.451    tcbn12ffcplusbwp6tsa24p96cpdlvt_tt0p668v25c  
AOI21D1BWP6TSA24P96CPDLVT           39     7.188    tcbn12ffcplusbwp6tsa24p96cpdlvt_tt0p668v25c  
AOI22D1BWP6TSA24P96CPDLVT         1062   195.748    tcbn12ffcplusbwp6tsa24p96cpdlvt_tt0p668v25c  
AOI31D1BWP6TSA24P96CPDLVT            4     0.737    tcbn12ffcplusbwp6tsa24p96cpdlvt_tt0p668v25c  
AOI32D1BWP6TSA24P96CPDLVT           14     3.613    tcbn12ffcplusbwp6tsa24p96cpdlvt_tt0p668v25c  
CKAN2D2BWP6TSA24P96CPDLVT            1     0.258    tcbn12ffcplusbwp6tsa24p96cpdlvt_tt0p668v25c  
CKLNQD1BWP6TSA24P96CPD              17    10.027    tcbn12ffcplusbwp6tsa24p96cpd_tt0p668v25c     
CKND1BWP6TSA24P96CPD               142    10.469    tcbn12ffcplusbwp6tsa24p96cpd_tt0p668v25c     
CKND1BWP6TSA24P96CPDLVT            637    46.965    tcbn12ffcplusbwp6tsa24p96cpdlvt_tt0p668v25c  
CKND2D1BWP6TSA24P96CPDLVT           21     3.871    tcbn12ffcplusbwp6tsa24p96cpdlvt_tt0p668v25c  
CKNR2D1BWP6TSA24P96CPDLVT            4     0.737    tcbn12ffcplusbwp6tsa24p96cpdlvt_tt0p668v25c  
DFCNQD1BWP6TSA24P96CPDLVT         2244  1737.179    tcbn12ffcplusbwp6tsa24p96cpdlvt_tt0p668v25c  
DFNCNQD1BWP6TSA24P96CPDLVT          13    11.022    tcbn12ffcplusbwp6tsa24p96cpdlvt_tt0p668v25c  
FA1D1BWP6TSA24P96CPDLVT           1366   956.768    tcbn12ffcplusbwp6tsa24p96cpdlvt_tt0p668v25c  
HA1D1BWP6TSA24P96CPDEHVT             1     0.590    tcbn12ffcplusbwp6tsa24p96cpdehvt_tt0p668v25c 
MUX2D1BWP6TSA24P96CPDLVT             5     1.659    tcbn12ffcplusbwp6tsa24p96cpdlvt_tt0p668v25c  
ND2D2BWP6TSA24P96CPDLVT            226    41.656    tcbn12ffcplusbwp6tsa24p96cpdlvt_tt0p668v25c  
ND3D2BWP6TSA24P96CPDLVT             15     3.871    tcbn12ffcplusbwp6tsa24p96cpdlvt_tt0p668v25c  
NR2D2BWP6TSA24P96CPDLVT             38     7.004    tcbn12ffcplusbwp6tsa24p96cpdlvt_tt0p668v25c  
NR3D2BWP6TSA24P96CPDLVT              3     0.774    tcbn12ffcplusbwp6tsa24p96cpdlvt_tt0p668v25c  
OAI211D1BWP6TSA24P96CPDLVT          68    12.534    tcbn12ffcplusbwp6tsa24p96cpdlvt_tt0p668v25c  
OAI21D1BWP6TSA24P96CPDLVT          106    19.538    tcbn12ffcplusbwp6tsa24p96cpdlvt_tt0p668v25c  
OAI221D1BWP6TSA24P96CPDLVT           8     2.359    tcbn12ffcplusbwp6tsa24p96cpdlvt_tt0p668v25c  
OAI22D1BWP6TSA24P96CPDLVT          537    98.980    tcbn12ffcplusbwp6tsa24p96cpdlvt_tt0p668v25c  
OAI31D1BWP6TSA24P96CPDLVT            6     1.106    tcbn12ffcplusbwp6tsa24p96cpdlvt_tt0p668v25c  
OAI32D1BWP6TSA24P96CPDLVT            5     1.290    tcbn12ffcplusbwp6tsa24p96cpdlvt_tt0p668v25c  
OAOI211D1BWP6TSA24P96CPDLVT          4     0.885    tcbn12ffcplusbwp6tsa24p96cpdlvt_tt0p668v25c  
OR2D1BWP6TSA24P96CPDLVT            148    21.823    tcbn12ffcplusbwp6tsa24p96cpdlvt_tt0p668v25c  
OR3D1BWP6TSA24P96CPDLVT              8     1.769    tcbn12ffcplusbwp6tsa24p96cpdlvt_tt0p668v25c  
SDFCNQD1BWP6TSA24P96CPDLVT          27    26.874    tcbn12ffcplusbwp6tsa24p96cpdlvt_tt0p668v25c  
XNR2D1BWP6TSA24P96CPDLVT            22     7.299    tcbn12ffcplusbwp6tsa24p96cpdlvt_tt0p668v25c  
XNR3D1BWP6TSA24P96CPDLVT             7     4.645    tcbn12ffcplusbwp6tsa24p96cpdlvt_tt0p668v25c  
XOR2D1BWP6TSA24P96CPDLVT            51    16.921    tcbn12ffcplusbwp6tsa24p96cpdlvt_tt0p668v25c  
XOR3D1BWP6TSA24P96CPDLVT             6     3.981    tcbn12ffcplusbwp6tsa24p96cpdlvt_tt0p668v25c  
-------------------------------------------------------------------------------------------------
total                             7356  3347.214                                                 


                   Library                   Instances   Area   Instances % 
----------------------------------------------------------------------------
tcbn12ffcplusbwp6tsa24p96cpd_tt0p668v25c           160   20.644         2.2 
tcbn12ffcplusbwp6tsa24p96cpdehvt_tt0p668v25c         1    0.590         0.0 
tcbn12ffcplusbwp6tsa24p96cpdlvt_tt0p668v25c       7195 3325.981        97.8 

                                                       
            Type             Instances   Area   Area % 
-------------------------------------------------------
sequential                        2284 1775.075   53.0 
inverter                           779   57.434    1.7 
clock_gating_integrated_cell        17   10.027    0.3 
logic                             4276 1504.678   45.0 
physical_cells                       0    0.000    0.0 
-------------------------------------------------------
total                             7356 3347.214  100.0 

