============================================================
  Generated by:           Genus(TM) Synthesis Solution 23.12-s086_1
  Generated on:           Apr 10 2026  07:23:39 pm
  Module:                 osr_top
  Operating conditions:   tt0p668v25c (balanced_tree)
  Wireload mode:          enclosed
  Area mode:              timing library
============================================================

                                               
            Gate             Instances   Area                      Library                    
----------------------------------------------------------------------------------------------
AN2D1BWP6TSA24P96CPDLVT              9   1.327    tcbn12ffcplusbwp6tsa24p96cpdlvt_tt0p668v25c 
AO21D1BWP6TSA24P96CPDLVT             1   0.221    tcbn12ffcplusbwp6tsa24p96cpdlvt_tt0p668v25c 
AOAI211D1BWP6TSA24P96CPDLVT          2   0.442    tcbn12ffcplusbwp6tsa24p96cpdlvt_tt0p668v25c 
AOI22D1BWP6TSA24P96CPDLVT            3   0.553    tcbn12ffcplusbwp6tsa24p96cpdlvt_tt0p668v25c 
AOI32D1BWP6TSA24P96CPDLVT            2   0.516    tcbn12ffcplusbwp6tsa24p96cpdlvt_tt0p668v25c 
CKND1BWP6TSA24P96CPDLVT             31   2.286    tcbn12ffcplusbwp6tsa24p96cpdlvt_tt0p668v25c 
DFCNQD1BWP6TSA24P96CPDLVT           16  12.386    tcbn12ffcplusbwp6tsa24p96cpdlvt_tt0p668v25c 
DFNCNQD1BWP6TSA24P96CPDLVT           1   0.848    tcbn12ffcplusbwp6tsa24p96cpdlvt_tt0p668v25c 
ND2D2BWP6TSA24P96CPDLVT              6   1.106    tcbn12ffcplusbwp6tsa24p96cpdlvt_tt0p668v25c 
OAI211D1BWP6TSA24P96CPDLVT           1   0.184    tcbn12ffcplusbwp6tsa24p96cpdlvt_tt0p668v25c 
OAI21D1BWP6TSA24P96CPDLVT            2   0.369    tcbn12ffcplusbwp6tsa24p96cpdlvt_tt0p668v25c 
OAI221D1BWP6TSA24P96CPDLVT           1   0.295    tcbn12ffcplusbwp6tsa24p96cpdlvt_tt0p668v25c 
OAI22D1BWP6TSA24P96CPDLVT            5   0.922    tcbn12ffcplusbwp6tsa24p96cpdlvt_tt0p668v25c 
OAI31D1BWP6TSA24P96CPDLVT            2   0.369    tcbn12ffcplusbwp6tsa24p96cpdlvt_tt0p668v25c 
OAI32D1BWP6TSA24P96CPDLVT            1   0.258    tcbn12ffcplusbwp6tsa24p96cpdlvt_tt0p668v25c 
OR2D1BWP6TSA24P96CPDLVT             12   1.769    tcbn12ffcplusbwp6tsa24p96cpdlvt_tt0p668v25c 
OR3D1BWP6TSA24P96CPDLVT              1   0.221    tcbn12ffcplusbwp6tsa24p96cpdlvt_tt0p668v25c 
SDFCNQD1BWP6TSA24P96CPDLVT          10   9.953    tcbn12ffcplusbwp6tsa24p96cpdlvt_tt0p668v25c 
----------------------------------------------------------------------------------------------
total                              106  34.025                                                


                                       
     Type      Instances  Area  Area % 
---------------------------------------
sequential            27 23.187   68.1 
inverter              31  2.286    6.7 
logic                 48  8.552   25.1 
physical_cells         0  0.000    0.0 
---------------------------------------
total                106 34.025  100.0 

